Determining if the Q_WS_WIN exist failed with the following output:
Change Dir: /home/dumitru/GeneticAlgorithm/cmake-build-debug/CMakeFiles/CMakeTmp

Run Build Command:"/usr/bin/make" "cmTC_0876a/fast"
/usr/bin/make -f CMakeFiles/cmTC_0876a.dir/build.make CMakeFiles/cmTC_0876a.dir/build
make[1]: Entering directory '/home/dumitru/GeneticAlgorithm/cmake-build-debug/CMakeFiles/CMakeTmp'
Building CXX object CMakeFiles/cmTC_0876a.dir/CheckSymbolExists.cxx.o
/usr/bin/c++    -I/usr/include/qt4   -o CMakeFiles/cmTC_0876a.dir/CheckSymbolExists.cxx.o -c /home/dumitru/GeneticAlgorithm/cmake-build-debug/CMakeFiles/CMakeTmp/CheckSymbolExists.cxx
/home/dumitru/GeneticAlgorithm/cmake-build-debug/CMakeFiles/CMakeTmp/CheckSymbolExists.cxx: In function 'int main(int, char**)':
/home/dumitru/GeneticAlgorithm/cmake-build-debug/CMakeFiles/CMakeTmp/CheckSymbolExists.cxx:8:19: error: 'Q_WS_WIN' was not declared in this scope
   return ((int*)(&Q_WS_WIN))[argc];
                   ^
CMakeFiles/cmTC_0876a.dir/build.make:65: recipe for target 'CMakeFiles/cmTC_0876a.dir/CheckSymbolExists.cxx.o' failed
make[1]: *** [CMakeFiles/cmTC_0876a.dir/CheckSymbolExists.cxx.o] Error 1
make[1]: Leaving directory '/home/dumitru/GeneticAlgorithm/cmake-build-debug/CMakeFiles/CMakeTmp'
Makefile:126: recipe for target 'cmTC_0876a/fast' failed
make: *** [cmTC_0876a/fast] Error 2

File /home/dumitru/GeneticAlgorithm/cmake-build-debug/CMakeFiles/CMakeTmp/CheckSymbolExists.cxx:
/* */
#include <QtCore/qglobal.h>

int main(int argc, char** argv)
{
  (void)argv;
#ifndef Q_WS_WIN
  return ((int*)(&Q_WS_WIN))[argc];
#else
  (void)argc;
  return 0;
#endif
}

Determining if the Q_WS_QWS exist failed with the following output:
Change Dir: /home/dumitru/GeneticAlgorithm/cmake-build-debug/CMakeFiles/CMakeTmp

Run Build Command:"/usr/bin/make" "cmTC_09ae9/fast"
/usr/bin/make -f CMakeFiles/cmTC_09ae9.dir/build.make CMakeFiles/cmTC_09ae9.dir/build
make[1]: Entering directory '/home/dumitru/GeneticAlgorithm/cmake-build-debug/CMakeFiles/CMakeTmp'
Building CXX object CMakeFiles/cmTC_09ae9.dir/CheckSymbolExists.cxx.o
/usr/bin/c++    -I/usr/include/qt4   -o CMakeFiles/cmTC_09ae9.dir/CheckSymbolExists.cxx.o -c /home/dumitru/GeneticAlgorithm/cmake-build-debug/CMakeFiles/CMakeTmp/CheckSymbolExists.cxx
/home/dumitru/GeneticAlgorithm/cmake-build-debug/CMakeFiles/CMakeTmp/CheckSymbolExists.cxx: In function 'int main(int, char**)':
/home/dumitru/GeneticAlgorithm/cmake-build-debug/CMakeFiles/CMakeTmp/CheckSymbolExists.cxx:8:19: error: 'Q_WS_QWS' was not declared in this scope
   return ((int*)(&Q_WS_QWS))[argc];
                   ^
CMakeFiles/cmTC_09ae9.dir/build.make:65: recipe for target 'CMakeFiles/cmTC_09ae9.dir/CheckSymbolExists.cxx.o' failed
make[1]: *** [CMakeFiles/cmTC_09ae9.dir/CheckSymbolExists.cxx.o] Error 1
make[1]: Leaving directory '/home/dumitru/GeneticAlgorithm/cmake-build-debug/CMakeFiles/CMakeTmp'
Makefile:126: recipe for target 'cmTC_09ae9/fast' failed
make: *** [cmTC_09ae9/fast] Error 2

File /home/dumitru/GeneticAlgorithm/cmake-build-debug/CMakeFiles/CMakeTmp/CheckSymbolExists.cxx:
/* */
#include <QtCore/qglobal.h>

int main(int argc, char** argv)
{
  (void)argv;
#ifndef Q_WS_QWS
  return ((int*)(&Q_WS_QWS))[argc];
#else
  (void)argc;
  return 0;
#endif
}

Determining if the Q_WS_MAC exist failed with the following output:
Change Dir: /home/dumitru/GeneticAlgorithm/cmake-build-debug/CMakeFiles/CMakeTmp

Run Build Command:"/usr/bin/make" "cmTC_46b08/fast"
/usr/bin/make -f CMakeFiles/cmTC_46b08.dir/build.make CMakeFiles/cmTC_46b08.dir/build
make[1]: Entering directory '/home/dumitru/GeneticAlgorithm/cmake-build-debug/CMakeFiles/CMakeTmp'
Building CXX object CMakeFiles/cmTC_46b08.dir/CheckSymbolExists.cxx.o
/usr/bin/c++    -I/usr/include/qt4   -o CMakeFiles/cmTC_46b08.dir/CheckSymbolExists.cxx.o -c /home/dumitru/GeneticAlgorithm/cmake-build-debug/CMakeFiles/CMakeTmp/CheckSymbolExists.cxx
/home/dumitru/GeneticAlgorithm/cmake-build-debug/CMakeFiles/CMakeTmp/CheckSymbolExists.cxx: In function 'int main(int, char**)':
/home/dumitru/GeneticAlgorithm/cmake-build-debug/CMakeFiles/CMakeTmp/CheckSymbolExists.cxx:8:19: error: 'Q_WS_MAC' was not declared in this scope
   return ((int*)(&Q_WS_MAC))[argc];
                   ^
CMakeFiles/cmTC_46b08.dir/build.make:65: recipe for target 'CMakeFiles/cmTC_46b08.dir/CheckSymbolExists.cxx.o' failed
make[1]: *** [CMakeFiles/cmTC_46b08.dir/CheckSymbolExists.cxx.o] Error 1
make[1]: Leaving directory '/home/dumitru/GeneticAlgorithm/cmake-build-debug/CMakeFiles/CMakeTmp'
Makefile:126: recipe for target 'cmTC_46b08/fast' failed
make: *** [cmTC_46b08/fast] Error 2

File /home/dumitru/GeneticAlgorithm/cmake-build-debug/CMakeFiles/CMakeTmp/CheckSymbolExists.cxx:
/* */
#include <QtCore/qglobal.h>

int main(int argc, char** argv)
{
  (void)argv;
#ifndef Q_WS_MAC
  return ((int*)(&Q_WS_MAC))[argc];
#else
  (void)argc;
  return 0;
#endif
}

