0.241644
0.225254
0.213883
0.161378
0.145343
0.141905
0.137438
0.108976
0.10463
0.103012
0.102895
0.0985782
0.0974586
0.0934555
0.0904999
0.0904999
0.0899142
0.089568
0.0887516
0.0885624
0.0878759
0.0871897
0.0871076
0.0864963
0.0864168
0.0857871
0.0857871
0.0857871
0.0856928
0.0855571
0.085421
0.0854088
0.0854088
0.0853921
0.0853482
0.0853386
0.08531
0.0852799
0.0852799
0.085184
0.0851418
0.0851418
0.0851069
0.0850943
0.0850702
0.0850647
0.0850599
0.0850599
0.0850528
0.0850372
0.085017
0.0850096
0.0850096
0.084995
0.0849732
0.0849662
0.0849583
0.0849557
0.0849428
0.0849368
0.0849368
0.0849368
0.0849199
0.0849199
0.0849199
0.0849199
0.0849105
0.0849045
0.0849045
0.0849045
0.0849045
0.0848961
0.0848901
0.084887
0.084887
0.084884
0.084884
0.084884
0.084884
0.0848755
0.0848755
0.0848755
0.0848725
0.0848725
0.0848725
0.0848725
0.0848725
0.0848716
0.0848716
0.0848716
0.0848716
0.0848716
0.0848716
0.0848716
